<?xml version="1.0" encoding="UTF-8"?>
<testsuite name="test.GoogleTest" tests="1" skipped="0" failures="0" errors="0" timestamp="2021-05-29T18:03:51" hostname="DESKTOP-K67MERB" time="70.632">
  <properties/>
  <testcase name="test" classname="test.GoogleTest" time="70.632"/>
  <system-out><![CDATA[]]></system-out>
  <system-err><![CDATA[1622311435697	geckodriver	INFO	Listening on 127.0.0.1:31045
1622311437132	mozrunner::runner	INFO	Running command: "C:\\Program Files\\Firefox Developer Edition\\firefox.exe" "--marionette" "-foreground" "-no-remote" "-profile" "C:\\Users\\megat\\AppData\\Local\\Temp\\rust_mozprofileRP8mj8"
1622311443800	Marionette	INFO	Marionette enabled
console.warn: SearchSettings: "get: No settings file exists, new profile?" (new NotFoundError("Could not open the file at C:\\Users\\megat\\AppData\\Local\\Temp\\rust_mozprofileRP8mj8\\search.json.mozlz4", (void 0)))
console.error: Region.jsm: "Error fetching region" (new Error("TIMEOUT", "resource://gre/modules/Region.jsm", 772))
console.error: Region.jsm: "Failed to fetch region" (new Error("TIMEOUT", "resource://gre/modules/Region.jsm", 419))
1622311474603	Marionette	INFO	Listening on port 60170
1622311475519	Marionette	WARN	TLS certificate errors will be ignored for this session
may 29, 2021 1:04:35 PM org.openqa.selenium.remote.ProtocolHandshake createSession
INFORMACIÓN: Detected dialect: W3C
]]></system-err>
</testsuite>
